<?xml version="1.0" encoding="UTF-8"?>
<!-- Generated by org.testng.reporters.JUnitReportReporter -->
<testsuite hostname="DESKTOP-OEB53AN" name="planittesting.Test3" tests="1" failures="0" timestamp="24 Jan 2022 17:20:50 GMT" time="73.684" errors="0">
  <testcase name="Shopping" time="73.684" classname="planittesting.Test3"/>
</testsuite> <!-- planittesting.Test3 -->
