<?xml version="1.0" encoding="UTF-8"?>
<!-- Generated by org.testng.reporters.JUnitReportReporter -->
<testsuite hostname="DESKTOP-OEB53AN" name="planittesting.TestCase3" tests="1" failures="0" timestamp="26 Jan 2022 13:45:38 GMT" time="71.452" errors="0">
  <testcase name="Shopping" time="71.452" classname="planittesting.TestCase3"/>
</testsuite> <!-- planittesting.TestCase3 -->
