<?xml version="1.0" encoding="UTF-8"?>
<!-- Generated by org.testng.reporters.JUnitReportReporter -->
<testsuite hostname="DESKTOP-OEB53AN" name="planittesting.TestCase2" tests="1" failures="0" timestamp="23 Jan 2022 13:54:13 GMT" time="35.915" errors="0">
  <testcase name="Shopping" time="35.915" classname="planittesting.TestCase2"/>
</testsuite> <!-- planittesting.TestCase2 -->
