<?xml version="1.0" encoding="UTF-8"?>
<!-- Generated by org.testng.reporters.JUnitReportReporter -->
<testsuite hostname="DESKTOP-OEB53AN" name="planittesting.TestCase3" tests="1" failures="0" timestamp="24 Jan 2022 17:42:03 GMT" time="69.399" errors="0">
  <testcase name="Shopping" time="69.399" classname="planittesting.TestCase3"/>
</testsuite> <!-- planittesting.TestCase3 -->
